2026-04-26 15:51:50,459 - prep - INFO - ==================================================
2026-04-26 15:51:50,460 - prep - INFO - Starting data preparation pipeline (prep.py)
2026-04-26 15:51:50,460 - prep - INFO - ==================================================
2026-04-26 15:51:50,460 - prep - INFO - Loading sales data...
2026-04-26 15:51:53,849 - prep - INFO - Sales data loaded: 2,935,849 records
2026-04-26 15:51:53,937 - prep - INFO - Loading items data...
2026-04-26 15:51:54,044 - prep - INFO - Items data loaded: 22,170 records
2026-04-26 15:51:54,045 - prep - INFO - Cleaning sales data...
2026-04-26 15:51:55,311 - prep - INFO - Removed 7,357 invalid records — 2,928,492 remaining
2026-04-26 15:51:55,311 - prep - INFO - Aggregating sales to monthly level...
2026-04-26 15:51:56,086 - prep - INFO - Monthly aggregation complete: 1,608,226 records — clip applied at 20
2026-04-26 15:51:56,087 - prep - INFO - Adding item category information...
2026-04-26 15:51:56,228 - prep - INFO - Building complete shop-item-month grid...
2026-04-26 15:51:56,620 - prep - INFO - Grid dimensions: 34 months x 424,098 active combinations
2026-04-26 15:52:07,309 - prep - INFO - Grid built: 14,419,332 total records
2026-04-26 15:52:10,921 - prep - INFO - Generating lag features: [1, 3, 6, 12]...
2026-04-26 15:52:16,575 - prep - INFO - Lag features generated successfully
2026-04-26 15:52:17,521 - prep - INFO - Filtered incomplete cases: 5,089,176 rows dropped — 9,330,156 remaining
2026-04-26 15:53:02,422 - prep - INFO - Prepared dataset saved: 9,330,156 records → grid_model.csv
2026-04-26 15:53:02,423 - prep - INFO - Data preparation completed in 71.96 seconds
2026-04-26 15:53:02,423 - prep - INFO - ==================================================
2026-04-26 15:53:02,492 - prep_inference - INFO - ==================================================
2026-04-26 15:53:02,492 - prep_inference - INFO - Starting inference data preparation pipeline (prep_inference.py)
2026-04-26 15:53:02,492 - prep_inference - INFO - ==================================================
2026-04-26 15:53:02,492 - prep_inference - INFO - Loading test data...
2026-04-26 15:53:02,625 - prep_inference - INFO - Test data loaded: 214,200 records
2026-04-26 15:53:02,625 - prep_inference - INFO - Loading prepared grid model...
2026-04-26 15:53:10,591 - prep_inference - INFO - Grid model loaded: 9,330,156 records
2026-04-26 15:53:10,591 - prep_inference - INFO - Merging lag features into test data...
2026-04-26 15:53:10,733 - prep_inference - WARNING - lag_1: 102,796 records without historical data — will be filled with 0
2026-04-26 15:53:10,876 - prep_inference - WARNING - lag_3: 102,796 records without historical data — will be filled with 0
2026-04-26 15:53:11,018 - prep_inference - WARNING - lag_6: 102,796 records without historical data — will be filled with 0
2026-04-26 15:53:11,171 - prep_inference - WARNING - lag_12: 102,796 records without historical data — will be filled with 0
2026-04-26 15:53:11,182 - prep_inference - INFO - All lag features merged and null values filled with 0
2026-04-26 15:53:12,112 - prep_inference - INFO - Test with lags saved: 214,200 records → test_with_lags.csv
2026-04-26 15:53:12,113 - prep_inference - INFO - Inference preparation completed in 9.62 seconds
2026-04-26 15:53:12,113 - prep_inference - INFO - ==================================================
